0 info it worked if it ends with ok
1 verbose cli [ '/Users/parker.ituk/.nvm/versions/node/v7.7.0/bin/node',
1 verbose cli   '/Users/parker.ituk/.nvm/versions/node/v7.7.0/bin/npm',
1 verbose cli   'run',
1 verbose cli   'dev' ]
2 info using npm@4.1.2
3 info using node@v7.7.0
4 verbose run-script [ 'predev', 'dev', 'postdev' ]
5 info lifecycle with-redux@1.0.0~predev: with-redux@1.0.0
6 silly lifecycle with-redux@1.0.0~predev: no script for predev, continuing
7 info lifecycle with-redux@1.0.0~dev: with-redux@1.0.0
8 verbose lifecycle with-redux@1.0.0~dev: unsafe-perm in lifecycle true
9 verbose lifecycle with-redux@1.0.0~dev: PATH: /Users/parker.ituk/.nvm/versions/node/v7.7.0/lib/node_modules/npm/bin/node-gyp-bin:/Users/parker.ituk/dev/with-redux/node_modules/.bin:/Users/parker.ituk/.sdkman/candidates/grails/current/bin:/Users/parker.ituk/.rvm/gems/ruby-2.2.6/bin:/Users/parker.ituk/.rvm/gems/ruby-2.2.6@global/bin:/Users/parker.ituk/.rvm/rubies/ruby-2.2.6/bin:/Users/parker.ituk/.nvm/versions/node/v7.7.0/bin:/usr/local/bin:/usr/bin:/bin:/usr/sbin:/sbin:/Users/parker.ituk/.rvm/bin
10 verbose lifecycle with-redux@1.0.0~dev: CWD: /Users/parker.ituk/dev/with-redux
11 silly lifecycle with-redux@1.0.0~dev: Args: [ '-c', 'node server.js' ]
12 silly lifecycle with-redux@1.0.0~dev: Returned: code: 1  signal: null
13 info lifecycle with-redux@1.0.0~dev: Failed to exec dev script
14 verbose stack Error: with-redux@1.0.0 dev: `node server.js`
14 verbose stack Exit status 1
14 verbose stack     at EventEmitter.<anonymous> (/Users/parker.ituk/.nvm/versions/node/v7.7.0/lib/node_modules/npm/lib/utils/lifecycle.js:279:16)
14 verbose stack     at emitTwo (events.js:106:13)
14 verbose stack     at EventEmitter.emit (events.js:194:7)
14 verbose stack     at ChildProcess.<anonymous> (/Users/parker.ituk/.nvm/versions/node/v7.7.0/lib/node_modules/npm/lib/utils/spawn.js:40:14)
14 verbose stack     at emitTwo (events.js:106:13)
14 verbose stack     at ChildProcess.emit (events.js:194:7)
14 verbose stack     at maybeClose (internal/child_process.js:899:16)
14 verbose stack     at Process.ChildProcess._handle.onexit (internal/child_process.js:226:5)
15 verbose pkgid with-redux@1.0.0
16 verbose cwd /Users/parker.ituk/dev/with-redux
17 error Darwin 15.6.0
18 error argv "/Users/parker.ituk/.nvm/versions/node/v7.7.0/bin/node" "/Users/parker.ituk/.nvm/versions/node/v7.7.0/bin/npm" "run" "dev"
19 error node v7.7.0
20 error npm  v4.1.2
21 error code ELIFECYCLE
22 error with-redux@1.0.0 dev: `node server.js`
22 error Exit status 1
23 error Failed at the with-redux@1.0.0 dev script 'node server.js'.
23 error Make sure you have the latest version of node.js and npm installed.
23 error If you do, this is most likely a problem with the with-redux package,
23 error not with npm itself.
23 error Tell the author that this fails on your system:
23 error     node server.js
23 error You can get information on how to open an issue for this project with:
23 error     npm bugs with-redux
23 error Or if that isn't available, you can get their info via:
23 error     npm owner ls with-redux
23 error There is likely additional logging output above.
24 verbose exit [ 1, true ]
